0 info it worked if it ends with ok
1 verbose cli [ 'C:\\Users\\Belov\\.webclipse\\nodejs\\7.10.0\\node.exe',
1 verbose cli   'C:\\Users\\Belov\\.webclipse\\npm\\3.10.10\\bin\\npm-cli.js',
1 verbose cli   'start' ]
2 info using npm@3.10.10
3 info using node@v7.10.0
4 verbose run-script [ 'prestart', 'start', 'poststart' ]
5 info lifecycle angular-quickstart@1.0.0~prestart: angular-quickstart@1.0.0
6 silly lifecycle angular-quickstart@1.0.0~prestart: no script for prestart, continuing
7 info lifecycle angular-quickstart@1.0.0~start: angular-quickstart@1.0.0
8 verbose lifecycle angular-quickstart@1.0.0~start: unsafe-perm in lifecycle true
9 verbose lifecycle angular-quickstart@1.0.0~start: PATH: C:\Users\Belov\.webclipse\npm\3.10.10\bin\node-gyp-bin;C:\Users\Belov\workspace-sts-3.8.3.RELEASE\Samples\01. Java Script\03. Angular 2\01_Introduction\01_HelloWorldApp\node_modules\.bin;C:\Users\Belov\.webclipse\npm\3.10.10\bin;C:\Users\Belov\workspace-sts-3.8.3.RELEASE\Samples\01. Java Script\03. Angular 2\01_Introduction\01_HelloWorldApp\node_modules\angular-ide\bin;C:\Users\Belov\.webclipse\nodejs\7.10.0;C:\Users\Belov\bin;C:\Program Files\Git\mingw64\bin;C:\Program Files\Git\usr\local\bin;C:\Program Files\Git\usr\bin;C:\Program Files\Git\usr\bin;C:\Program Files\Git\mingw64\bin;C:\Program Files\Git\usr\bin;C:\Users\Belov\bin;C:\Program Files\Java\jdk1.8.0_92\jre\bin\server;C:\Program Files\Java\jdk1.8.0_92\jre\bin;C:\Program Files\Java\jdk1.8.0_92\jre\lib\amd64;C:\Program Files\Java\jdk1.8.0_92\jre\bin\server;C:\Program Files\Java\jdk1.8.0_92\jre\bin;C:\Program Files\Java\jdk1.8.0_92\jre\lib\amd64;C:\Users\Belov\AppData\Local\Yandex\YandexBrowser\Application;C:\ProgramData\Oracle\Java\javapath;C:\ELOenterprise\bin;C:\Windows\system32;C:\Program Files\Java\jdk1.8.0_92\bin;C:\Program Files\apache-maven-3.3.9\bin;C:\Windows;C:\Windows\System32\Wbem;C:\Windows\System32\WindowsPowerShell\v1.0;C:\Program Files\Microsoft SQL Server\110\Tools\Binn;C:\Program Files (x86)\Microsoft SQL Server\110\Tools\Binn;C:\Program Files\Microsoft SQL Server\110\DTS\Binn;C:\Program Files (x86)\Microsoft SQL Server\110\Tools\Binn\ManagementStudio;C:\Program Files (x86)\Microsoft SQL Server\110\DTS\Binn;C:\Program Files\PostgreSQL\pg96\bin;C:\Program Files (x86)\Skype\Phone;C:\Program Files\NodeJS;C:\Users\Belov\AppData\Roaming\npm;C:\Users\Belov\AppData\Local\Angular IDE 2017 CI;C:\Program Files\Git\usr\bin\vendor_perl;C:\Program Files\Git\usr\bin\core_perl;C:\Users\Belov\workspace-sts-3.8.3.RELEASE\Samples\01. Java Script\03. Angular 2\01_Introduction\01_HelloWorldApp\node_modules\.bin
10 verbose lifecycle angular-quickstart@1.0.0~start: CWD: C:\Users\Belov\workspace-sts-3.8.3.RELEASE\Samples\01. Java Script\03. Angular 2\01_Introduction\01_HelloWorldApp
11 silly lifecycle angular-quickstart@1.0.0~start: Args: [ '/d /s /c',
11 silly lifecycle   'tsc && concurrently "npm run tsc:w" "npm run lite" ' ]
12 verbose stack Error: kill ENOSYS
12 verbose stack     at exports._errnoException (util.js:1050:11)
12 verbose stack     at process.kill (internal/process.js:188:13)
12 verbose stack     at process.listener (C:\Users\Belov\.webclipse\npm\3.10.10\node_modules\npmlog\node_modules\gauge\node_modules\signal-exit\index.js:86:15)
12 verbose stack     at emitNone (events.js:91:20)
12 verbose stack     at process.emit (events.js:188:7)
12 verbose stack     at processEmit (C:\Users\Belov\.webclipse\npm\3.10.10\node_modules\npmlog\node_modules\gauge\node_modules\signal-exit\index.js:146:32)
12 verbose stack     at processEmit (C:\Users\Belov\.webclipse\npm\3.10.10\node_modules\npm-registry-client\node_modules\npmlog\node_modules\gauge\node_modules\signal-exit\index.js:146:32)
12 verbose stack     at Signal.wrap.onsignal (internal/process.js:215:44)
13 verbose cwd C:\Users\Belov\workspace-sts-3.8.3.RELEASE\Samples\01. Java Script\03. Angular 2\01_Introduction\01_HelloWorldApp
14 error Windows_NT 6.1.7601
15 error argv "C:\\Users\\Belov\\.webclipse\\nodejs\\7.10.0\\node.exe" "C:\\Users\\Belov\\.webclipse\\npm\\3.10.10\\bin\\npm-cli.js" "start"
16 error node v7.10.0
17 error npm  v3.10.10
18 error code ENOSYS
19 error errno ENOSYS
20 error syscall kill
21 error kill ENOSYS
22 error If you need help, you may report this error at:
22 error     <https://github.com/npm/npm/issues>
23 verbose exit [ 1, true ]
